\BOOKMARK [0][-]{chapter.1}{\376\377\000t\000o\0001\000\040\000I\000n\000t\000r\000o\000d\000u\000c\000t\000i\000o\000n}{}% 1
\BOOKMARK [1][-]{section.1.1}{\376\377\000M\000o\000t\000i\000v\000a\000t\000i\000o\000n}{chapter.1}% 2
\BOOKMARK [1][-]{section.1.2}{\376\377\000T\000h\000e\000\040\000S\000h\000i\000f\000t\000-\000L\000e\000f\000t\000\040\000F\000a\000i\000r\000n\000e\000s\000s\000\040\000T\000e\000s\000t\000i\000n\000g\000\040\000P\000a\000r\000a\000d\000i\000g\000m}{chapter.1}% 3
\BOOKMARK [1][-]{section.1.3}{\376\377\000P\000r\000o\000b\000l\000e\000m\000\040\000S\000t\000a\000t\000e\000m\000e\000n\000t}{chapter.1}% 4
\BOOKMARK [1][-]{section.1.4}{\376\377\000C\000o\000n\000t\000r\000i\000b\000u\000t\000i\000o\000n\000s}{chapter.1}% 5
\BOOKMARK [1][-]{section.1.5}{\376\377\000R\000e\000p\000o\000r\000t\000\040\000O\000r\000g\000a\000n\000i\000z\000a\000t\000i\000o\000n}{chapter.1}% 6
\BOOKMARK [0][-]{chapter.2}{\376\377\000t\000o\0002\000\040\000B\000a\000c\000k\000g\000r\000o\000u\000n\000d\000\040\000a\000n\000d\000\040\000R\000e\000l\000a\000t\000e\000d\000\040\000W\000o\000r\000k}{}% 7
\BOOKMARK [1][-]{section.2.1}{\376\377\000F\000a\000i\000r\000n\000e\000s\000s\000\040\000D\000e\000f\000i\000n\000i\000t\000i\000o\000n\000s}{chapter.2}% 8
\BOOKMARK [2][-]{subsection.2.1.1}{\376\377\000I\000n\000d\000i\000v\000i\000d\000u\000a\000l\000\040\000F\000a\000i\000r\000n\000e\000s\000s}{section.2.1}% 9
\BOOKMARK [2][-]{subsection.2.1.2}{\376\377\000G\000r\000o\000u\000p\000\040\000F\000a\000i\000r\000n\000e\000s\000s}{section.2.1}% 10
\BOOKMARK [2][-]{subsection.2.1.3}{\376\377\000C\000a\000u\000s\000a\000l\000\040\000F\000a\000i\000r\000n\000e\000s\000s}{section.2.1}% 11
\BOOKMARK [1][-]{section.2.2}{\376\377\000I\000n\000f\000o\000r\000m\000a\000t\000i\000o\000n\000-\000T\000h\000e\000o\000r\000e\000t\000i\000c\000\040\000F\000a\000i\000r\000n\000e\000s\000s\000\040\000T\000e\000s\000t\000i\000n\000g\000:\000\040\000D\000I\000C\000E}{chapter.2}% 12
\BOOKMARK [1][-]{section.2.3}{\376\377\000N\000e\000u\000F\000a\000i\000r\000:\000\040\000N\000e\000u\000r\000a\000l\000\040\000N\000e\000t\000w\000o\000r\000k\000\040\000F\000a\000i\000r\000n\000e\000s\000s\000\040\000R\000e\000p\000a\000i\000r}{chapter.2}% 13
\BOOKMARK [1][-]{section.2.4}{\376\377\000E\000x\000t\000r\000e\000m\000e\000\040\000V\000a\000l\000u\000e\000\040\000T\000h\000e\000o\000r\000y\000\040\000f\000o\000r\000\040\000F\000a\000i\000r\000n\000e\000s\000s}{chapter.2}% 14
\BOOKMARK [1][-]{section.2.5}{\376\377\000F\000a\000i\000r\000L\000a\000y\000-\000M\000L\000:\000\040\000G\000U\000I\000\040\000M\000L\000O\000p\000s\000\040\000P\000i\000p\000e\000l\000i\000n\000e}{chapter.2}% 15
\BOOKMARK [1][-]{section.2.6}{\376\377\000E\000x\000p\000l\000a\000i\000n\000a\000b\000i\000l\000i\000t\000y\000\040\000M\000e\000t\000h\000o\000d\000s}{chapter.2}% 16
\BOOKMARK [0][-]{chapter.3}{\376\377\000t\000o\0003\000\040\000S\000y\000s\000t\000e\000m\000\040\000A\000r\000c\000h\000i\000t\000e\000c\000t\000u\000r\000e\000\040\000a\000n\000d\000\040\000D\000e\000s\000i\000g\000n}{}% 17
\BOOKMARK [1][-]{section.3.1}{\376\377\000C\000l\000i\000e\000n\000t\000-\000S\000e\000r\000v\000e\000r\000\040\000A\000r\000c\000h\000i\000t\000e\000c\000t\000u\000r\000e}{chapter.3}% 18
\BOOKMARK [1][-]{section.3.2}{\376\377\000R\000E\000S\000T\000\040\000A\000P\000I\000\040\000E\000n\000d\000p\000o\000i\000n\000t\000s}{chapter.3}% 19
\BOOKMARK [1][-]{section.3.3}{\376\377\000P\000r\000o\000j\000e\000c\000t\000\040\000S\000t\000r\000u\000c\000t\000u\000r\000e}{chapter.3}% 20
\BOOKMARK [1][-]{section.3.4}{\376\377\000S\000i\000x\000-\000S\000t\000e\000p\000\040\000A\000n\000a\000l\000y\000s\000i\000s\000\040\000P\000i\000p\000e\000l\000i\000n\000e}{chapter.3}% 21
\BOOKMARK [0][-]{chapter.4}{\376\377\000t\000o\0004\000\040\000A\000l\000g\000o\000r\000i\000t\000h\000m\000i\000c\000\040\000M\000e\000t\000h\000o\000d\000o\000l\000o\000g\000y}{}% 22
\BOOKMARK [1][-]{section.4.1}{\376\377\000D\000e\000e\000p\000\040\000N\000e\000u\000r\000a\000l\000\040\000N\000e\000t\000w\000o\000r\000k\000\040\000P\000r\000o\000x\000y\000\040\000M\000o\000d\000e\000l}{chapter.4}% 23
\BOOKMARK [1][-]{section.4.2}{\376\377\000Q\000u\000a\000n\000t\000i\000t\000a\000t\000i\000v\000e\000\040\000I\000n\000d\000i\000v\000i\000d\000u\000a\000l\000\040\000D\000i\000s\000c\000r\000i\000m\000i\000n\000a\000t\000i\000o\000n\000\040\000\050\000Q\000I\000D\000\051}{chapter.4}% 24
\BOOKMARK [2][-]{subsection.4.2.1}{\376\377\000S\000h\000a\000n\000n\000o\000n\000\040\000E\000n\000t\000r\000o\000p\000y\000\040\000Q\000I\000D}{section.4.2}% 25
\BOOKMARK [2][-]{subsection.4.2.2}{\376\377\000M\000i\000n\000-\000E\000n\000t\000r\000o\000p\000y\000\040\000Q\000I\000D\000\040\000a\000n\000d\000\040\000D\000i\000s\000p\000a\000r\000a\000t\000e\000\040\000I\000m\000p\000a\000c\000t}{section.4.2}% 26
\BOOKMARK [1][-]{section.4.3}{\376\377\000G\000r\000a\000d\000i\000e\000n\000t\000-\000G\000u\000i\000d\000e\000d\000\040\000D\000i\000s\000c\000r\000i\000m\000i\000n\000a\000t\000o\000r\000y\000\040\000I\000n\000s\000t\000a\000n\000c\000e\000\040\000S\000e\000a\000r\000c\000h}{chapter.4}% 27
\BOOKMARK [2][-]{subsection.4.3.1}{\376\377\000P\000h\000a\000s\000e\000\040\0001\000:\000\040\000G\000l\000o\000b\000a\000l\000\040\000S\000e\000a\000r\000c\000h\000\040\000\050\000G\000r\000a\000d\000i\000e\000n\000t\000\040\000A\000s\000c\000e\000n\000t\000\051}{section.4.3}% 28
\BOOKMARK [2][-]{subsection.4.3.2}{\376\377\000P\000h\000a\000s\000e\000\040\0002\000:\000\040\000L\000o\000c\000a\000l\000\040\000S\000e\000a\000r\000c\000h\000\040\000\050\000P\000e\000r\000t\000u\000r\000b\000a\000t\000i\000o\000n\000\051}{section.4.3}% 29
\BOOKMARK [1][-]{section.4.4}{\376\377\000C\000a\000u\000s\000a\000l\000\040\000D\000e\000b\000u\000g\000g\000i\000n\000g}{chapter.4}% 30
\BOOKMARK [2][-]{subsection.4.4.1}{\376\377\000L\000a\000y\000e\000r\000\040\000L\000o\000c\000a\000l\000i\000z\000a\000t\000i\000o\000n}{section.4.4}% 31
\BOOKMARK [2][-]{subsection.4.4.2}{\376\377\000N\000e\000u\000r\000o\000n\000\040\000L\000o\000c\000a\000l\000i\000z\000a\000t\000i\000o\000n}{section.4.4}% 32
\BOOKMARK [1][-]{section.4.5}{\376\377\000G\000r\000o\000u\000p\000\040\000F\000a\000i\000r\000n\000e\000s\000s\000\040\000M\000e\000t\000r\000i\000c\000s}{chapter.4}% 33
\BOOKMARK [1][-]{section.4.6}{\376\377\000E\000x\000p\000l\000a\000i\000n\000a\000b\000i\000l\000i\000t\000y\000:\000\040\000S\000H\000A\000P\000\040\000a\000n\000d\000\040\000L\000I\000M\000E}{chapter.4}% 34
\BOOKMARK [2][-]{subsection.4.6.1}{\376\377\000S\000H\000A\000P\000\040\000o\000n\000\040\000L\000o\000g\000-\000O\000d\000d\000s\000\040\000S\000p\000a\000c\000e}{section.4.6}% 35
\BOOKMARK [2][-]{subsection.4.6.2}{\376\377\000L\000I\000M\000E\000\040\000L\000o\000c\000a\000l\000\040\000E\000x\000p\000l\000a\000n\000a\000t\000i\000o\000n\000s}{section.4.6}% 36
\BOOKMARK [1][-]{section.4.7}{\376\377\000C\000o\000m\000p\000o\000s\000i\000t\000e\000\040\000F\000a\000i\000r\000n\000e\000s\000s\000\040\000S\000c\000o\000r\000e}{chapter.4}% 37
\BOOKMARK [0][-]{chapter.5}{\376\377\000t\000o\0005\000\040\000I\000m\000p\000l\000e\000m\000e\000n\000t\000a\000t\000i\000o\000n}{}% 38
\BOOKMARK [1][-]{section.5.1}{\376\377\000T\000e\000c\000h\000n\000o\000l\000o\000g\000y\000\040\000S\000t\000a\000c\000k}{chapter.5}% 39
\BOOKMARK [1][-]{section.5.2}{\376\377\000D\000N\000N\000\040\000M\000o\000d\000e\000l\000\040\000A\000r\000c\000h\000i\000t\000e\000c\000t\000u\000r\000e}{chapter.5}% 40
\BOOKMARK [1][-]{section.5.3}{\376\377\000M\000o\000d\000e\000l\000\040\000C\000a\000c\000h\000i\000n\000g\000\040\000S\000y\000s\000t\000e\000m}{chapter.5}% 41
\BOOKMARK [1][-]{section.5.4}{\376\377\000D\000a\000t\000a\000\040\000P\000r\000e\000p\000r\000o\000c\000e\000s\000s\000i\000n\000g}{chapter.5}% 42
\BOOKMARK [1][-]{section.5.5}{\376\377\000V\000S\000\040\000C\000o\000d\000e\000\040\000E\000x\000t\000e\000n\000s\000i\000o\000n\000\040\000I\000n\000t\000e\000g\000r\000a\000t\000i\000o\000n}{chapter.5}% 43
\BOOKMARK [0][-]{chapter.6}{\376\377\000t\000o\0006\000\040\000E\000x\000p\000e\000r\000i\000m\000e\000n\000t\000a\000l\000\040\000E\000v\000a\000l\000u\000a\000t\000i\000o\000n}{}% 44
\BOOKMARK [1][-]{section.6.1}{\376\377\000D\000a\000t\000a\000s\000e\000t\000:\000\040\000A\000d\000u\000l\000t\000\040\000C\000e\000n\000s\000u\000s\000\040\000I\000n\000c\000o\000m\000e}{chapter.6}% 45
\BOOKMARK [1][-]{section.6.2}{\376\377\000M\000o\000d\000e\000l\000\040\000T\000r\000a\000i\000n\000i\000n\000g\000\040\000R\000e\000s\000u\000l\000t\000s}{chapter.6}% 46
\BOOKMARK [1][-]{section.6.3}{\376\377\000Q\000I\000D\000\040\000A\000n\000a\000l\000y\000s\000i\000s\000\040\000R\000e\000s\000u\000l\000t\000s}{chapter.6}% 47
\BOOKMARK [1][-]{section.6.4}{\376\377\000G\000r\000o\000u\000p\000\040\000F\000a\000i\000r\000n\000e\000s\000s\000\040\000R\000e\000s\000u\000l\000t\000s}{chapter.6}% 48
\BOOKMARK [1][-]{section.6.5}{\376\377\000D\000i\000s\000c\000r\000i\000m\000i\000n\000a\000t\000o\000r\000y\000\040\000I\000n\000s\000t\000a\000n\000c\000e\000\040\000S\000e\000a\000r\000c\000h\000\040\000R\000e\000s\000u\000l\000t\000s}{chapter.6}% 49
\BOOKMARK [1][-]{section.6.6}{\376\377\000C\000a\000u\000s\000a\000l\000\040\000D\000e\000b\000u\000g\000g\000i\000n\000g\000\040\000R\000e\000s\000u\000l\000t\000s}{chapter.6}% 50
\BOOKMARK [2][-]{subsection.6.6.1}{\376\377\000L\000a\000y\000e\000r\000\040\000S\000e\000n\000s\000i\000t\000i\000v\000i\000t\000y\000\040\000A\000n\000a\000l\000y\000s\000i\000s}{section.6.6}% 51
\BOOKMARK [2][-]{subsection.6.6.2}{\376\377\000N\000e\000u\000r\000o\000n\000-\000L\000e\000v\000e\000l\000\040\000A\000n\000a\000l\000y\000s\000i\000s}{section.6.6}% 52
\BOOKMARK [1][-]{section.6.7}{\376\377\000E\000x\000p\000l\000a\000i\000n\000a\000b\000i\000l\000i\000t\000y\000\040\000R\000e\000s\000u\000l\000t\000s}{chapter.6}% 53
\BOOKMARK [2][-]{subsection.6.7.1}{\376\377\000S\000H\000A\000P\000\040\000G\000l\000o\000b\000a\000l\000\040\000F\000e\000a\000t\000u\000r\000e\000\040\000I\000m\000p\000o\000r\000t\000a\000n\000c\000e}{section.6.7}% 54
\BOOKMARK [2][-]{subsection.6.7.2}{\376\377\000L\000I\000M\000E\000\040\000A\000g\000g\000r\000e\000g\000a\000t\000e\000d\000\040\000F\000e\000a\000t\000u\000r\000e\000\040\000I\000m\000p\000o\000r\000t\000a\000n\000c\000e}{section.6.7}% 55
\BOOKMARK [1][-]{section.6.8}{\376\377\000C\000o\000m\000p\000o\000s\000i\000t\000e\000\040\000F\000a\000i\000r\000n\000e\000s\000s\000\040\000S\000c\000o\000r\000e}{chapter.6}% 56
\BOOKMARK [1][-]{section.6.9}{\376\377\000P\000e\000r\000f\000o\000r\000m\000a\000n\000c\000e\000\040\000T\000i\000m\000i\000n\000g}{chapter.6}% 57
\BOOKMARK [0][-]{chapter.7}{\376\377\000t\000o\0007\000\040\000D\000i\000s\000c\000u\000s\000s\000i\000o\000n}{}% 58
\BOOKMARK [1][-]{section.7.1}{\376\377\000I\000n\000t\000e\000r\000p\000r\000e\000t\000a\000t\000i\000o\000n\000\040\000o\000f\000\040\000R\000e\000s\000u\000l\000t\000s}{chapter.7}% 59
\BOOKMARK [1][-]{section.7.2}{\376\377\000C\000r\000o\000s\000s\000-\000M\000e\000t\000h\000o\000d\000\040\000V\000a\000l\000i\000d\000a\000t\000i\000o\000n}{chapter.7}% 60
\BOOKMARK [1][-]{section.7.3}{\376\377\000S\000o\000u\000r\000c\000e\000s\000\040\000o\000f\000\040\000B\000i\000a\000s}{chapter.7}% 61
\BOOKMARK [1][-]{section.7.4}{\376\377\000L\000i\000m\000i\000t\000a\000t\000i\000o\000n\000s}{chapter.7}% 62
\BOOKMARK [0][-]{chapter.8}{\376\377\000t\000o\0008\000\040\000C\000o\000n\000c\000l\000u\000s\000i\000o\000n\000\040\000a\000n\000d\000\040\000F\000u\000t\000u\000r\000e\000\040\000W\000o\000r\000k}{}% 63
\BOOKMARK [1][-]{section.8.1}{\376\377\000C\000o\000n\000c\000l\000u\000s\000i\000o\000n}{chapter.8}% 64
\BOOKMARK [1][-]{section.8.2}{\376\377\000F\000u\000t\000u\000r\000e\000\040\000W\000o\000r\000k}{chapter.8}% 65
\BOOKMARK [0][-]{section.8.2}{\376\377\000t\000o\000\040\000A\000P\000P\000E\000N\000D\000I\000C\000E\000S}{}% 66
\BOOKMARK [0][-]{appendix.A}{\376\377\000t\000o\000\040\000\040\000\040\000\040\000\040\000\040\000A\000p\000p\000e\000n\000d\000i\000x\000\040\000A}{}% 67
\BOOKMARK [0][-]{appendix.B}{\376\377\000t\000o\000\040\000\040\000\040\000\040\000\040\000\040\000A\000p\000p\000e\000n\000d\000i\000x\000\040\000B}{}% 68
\BOOKMARK [0][-]{table.caption.29}{\376\377\000t\000o\000\040\000C\000I\000T\000E\000D\000\040\000L\000I\000T\000E\000R\000A\000T\000U\000R\000E}{}% 69
