This is pdfTeX, Version 3.141592653-2.6-1.40.28 (TeX Live 2025) (preloaded format=pdflatex 2026.2.24)  8 MAR 2026 01:09
entering extended mode
 restricted \write18 enabled.
 %&-line parsing enabled.
**thesisphd.tex
(./thesisphd.tex
LaTeX2e <2025-11-01>
L3 programming layer <2025-11-06>
(./bin/uicthesi.cls

LaTeX Warning: You have requested document class `bin/uicthesi',
               but the document class provides `uicthesi'.

Document Class: uicthesi 1996/01/31 v1.2 University of Illinois at Chicago Thesis Class
(./bin/uicth11.clo
Loading uicth11.clo...
\ustrutbox=\box53
\c@fnref=\count275
\out@fnpage@count=\count276
)
\c@figure=\count277
\c@table=\count278
\c@algorithm=\count279
\descriptionmargin=\dimen148
\c@part=\count280
\c@chapter=\count281
\c@section=\count282
\c@subsection=\count283
\c@subsubsection=\count284
\c@paragraph=\count285
\c@subparagraph=\count286
) (./bin/packages.tex (/usr/local/texlive/2025/texmf-dist/tex/latex/url/url.sty
\Urlmuskip=\muskip17
Package: url 2013/09/16  ver 3.4  Verb mode for urls, etc.
) (/usr/local/texlive/2025/texmf-dist/tex/latex/cite/cite.sty
LaTeX Info: Redefining \cite on input line 302.
LaTeX Info: Redefining \nocite on input line 332.
Package: cite 2015/02/27  v 5.5
) (/usr/local/texlive/2025/texmf-dist/tex/latex/amscls/amsthm.sty
Package: amsthm 2020/05/29 v2.20.6
\thm@style=\toks17
\thm@bodyfont=\toks18
\thm@headfont=\toks19
\thm@notefont=\toks20
\thm@headpunct=\toks21
\thm@preskip=\skip49
\thm@postskip=\skip50
\thm@headsep=\skip51
\dth@everypar=\toks22
) (/usr/local/texlive/2025/texmf-dist/tex/latex/lipsum/lipsum.sty (/usr/local/texlive/2025/texmf-dist/tex/latex/l3packages/l3keys2e/l3keys2e.sty (/usr/local/texlive/2025/texmf-dist/tex/latex/l3kernel/expl3.sty
Package: expl3 2025-11-06 L3 programming layer (loader) 
 (/usr/local/texlive/2025/texmf-dist/tex/latex/l3backend/l3backend-pdftex.def
File: l3backend-pdftex.def 2025-10-09 L3 backend support: PDF output (pdfTeX)
\l__color_backend_stack_int=\count287
))
Package: l3keys2e 2025-10-09 LaTeX2e option processing using LaTeX3 keys
)
Package: lipsum 2021-09-20 v2.7 150 paragraphs of Lorem Ipsum dummy text
\g__lipsum_par_int=\count288
\l__lipsum_a_int=\count289
\l__lipsum_b_int=\count290
 (/usr/local/texlive/2025/texmf-dist/tex/latex/lipsum/lipsum.ltd.tex)) (/usr/local/texlive/2025/texmf-dist/tex/latex/doublestroke/dsfont.sty
Package: dsfont 1995/08/01 v0.1 Double stroke roman fonts
) (/usr/local/texlive/2025/texmf-dist/tex/latex/tools/hhline.sty
Package: hhline 2020/01/04 v2.04 Table rule package (DPC)
) (/usr/local/texlive/2025/texmf-dist/tex/latex/amsmath/amsmath.sty
Package: amsmath 2025/07/09 v2.17z AMS math features
\@mathmargin=\skip52

For additional information on amsmath, use the `?' option.
(/usr/local/texlive/2025/texmf-dist/tex/latex/amsmath/amstext.sty
Package: amstext 2024/11/17 v2.01 AMS text
 (/usr/local/texlive/2025/texmf-dist/tex/latex/amsmath/amsgen.sty
File: amsgen.sty 1999/11/30 v2.0 generic functions
\@emptytoks=\toks23
\ex@=\dimen149
)) (/usr/local/texlive/2025/texmf-dist/tex/latex/amsmath/amsbsy.sty
Package: amsbsy 1999/11/29 v1.2d Bold Symbols
\pmbraise@=\dimen150
) (/usr/local/texlive/2025/texmf-dist/tex/latex/amsmath/amsopn.sty
Package: amsopn 2022/04/08 v2.04 operator names
)
\inf@bad=\count291
LaTeX Info: Redefining \frac on input line 233.
\uproot@=\count292
\leftroot@=\count293
LaTeX Info: Redefining \overline on input line 398.
LaTeX Info: Redefining \colon on input line 409.
\classnum@=\count294
\DOTSCASE@=\count295
LaTeX Info: Redefining \ldots on input line 495.
LaTeX Info: Redefining \dots on input line 498.
LaTeX Info: Redefining \cdots on input line 619.
\Mathstrutbox@=\box54
\strutbox@=\box55
LaTeX Info: Redefining \big on input line 721.
LaTeX Info: Redefining \Big on input line 722.
LaTeX Info: Redefining \bigg on input line 723.
LaTeX Info: Redefining \Bigg on input line 724.
\big@size=\dimen151
LaTeX Font Info:    Redeclaring font encoding OML on input line 742.
LaTeX Font Info:    Redeclaring font encoding OMS on input line 743.
\macc@depth=\count296
LaTeX Info: Redefining \bmod on input line 904.
LaTeX Info: Redefining \pmod on input line 909.
LaTeX Info: Redefining \smash on input line 939.
LaTeX Info: Redefining \relbar on input line 969.
LaTeX Info: Redefining \Relbar on input line 970.
\c@MaxMatrixCols=\count297
\dotsspace@=\muskip18
\c@parentequation=\count298
\dspbrk@lvl=\count299
\tag@help=\toks24
\row@=\count300
\column@=\count301
\maxfields@=\count302
\andhelp@=\toks25
\eqnshift@=\dimen152
\alignsep@=\dimen153
\tagshift@=\dimen154
\tagwidth@=\dimen155
\totwidth@=\dimen156
\lineht@=\dimen157
\@envbody=\toks26
\multlinegap=\skip53
\multlinetaggap=\skip54
\mathdisplay@stack=\toks27
LaTeX Info: Redefining \[ on input line 2950.
LaTeX Info: Redefining \] on input line 2951.
) (/usr/local/texlive/2025/texmf-dist/tex/latex/amsfonts/amssymb.sty
Package: amssymb 2013/01/14 v3.01 AMS font symbols
 (/usr/local/texlive/2025/texmf-dist/tex/latex/amsfonts/amsfonts.sty
Package: amsfonts 2013/01/14 v3.01 Basic AMSFonts support
\symAMSa=\mathgroup4
\symAMSb=\mathgroup5
LaTeX Font Info:    Redeclaring math symbol \hbar on input line 98.
LaTeX Font Info:    Overwriting math alphabet `\mathfrak' in version `bold'
(Font)                  U/euf/m/n --> U/euf/b/n on input line 106.
)) (/usr/local/texlive/2025/texmf-dist/tex/latex/fundus-calligra/calligra.sty
Package: calligra 2012/04/10 v1.9 LaTeX package calligra
) (/usr/local/texlive/2025/texmf-dist/tex/latex/graphics/graphicx.sty
Package: graphicx 2024/12/31 v1.2e Enhanced LaTeX Graphics (DPC,SPQR)
 (/usr/local/texlive/2025/texmf-dist/tex/latex/graphics/keyval.sty
Package: keyval 2022/05/29 v1.15 key=value parser (DPC)
\KV@toks@=\toks28
) (/usr/local/texlive/2025/texmf-dist/tex/latex/graphics/graphics.sty
Package: graphics 2024/08/06 v1.4g Standard LaTeX Graphics (DPC,SPQR)
 (/usr/local/texlive/2025/texmf-dist/tex/latex/graphics/trig.sty
Package: trig 2023/12/02 v1.11 sin cos tan (DPC)
) (/usr/local/texlive/2025/texmf-dist/tex/latex/graphics-cfg/graphics.cfg
File: graphics.cfg 2016/06/04 v1.11 sample graphics configuration
)
Package graphics Info: Driver file: pdftex.def on input line 106.
 (/usr/local/texlive/2025/texmf-dist/tex/latex/graphics-def/pdftex.def
File: pdftex.def 2025/09/29 v1.2d Graphics/color driver for pdftex
))
\Gin@req@height=\dimen158
\Gin@req@width=\dimen159
) (/usr/local/texlive/2025/texmf-dist/tex/latex/epstopdf-pkg/epstopdf.sty
Package: epstopdf 2020-01-24 v2.11 Conversion with epstopdf on the fly (HO)

(/usr/local/texlive/2025/texmf-dist/tex/generic/infwarerr/infwarerr.sty
Package: infwarerr 2019/12/03 v1.5 Providing info/warning/error messages (HO)
) (/usr/local/texlive/2025/texmf-dist/tex/latex/grfext/grfext.sty
Package: grfext 2019/12/03 v1.3 Manage graphics extensions (HO)
 (/usr/local/texlive/2025/texmf-dist/tex/generic/kvdefinekeys/kvdefinekeys.sty
Package: kvdefinekeys 2019-12-19 v1.6 Define keys (HO)
)) (/usr/local/texlive/2025/texmf-dist/tex/latex/kvoptions/kvoptions.sty
Package: kvoptions 2022-06-15 v3.15 Key value format for package options (HO)
 (/usr/local/texlive/2025/texmf-dist/tex/generic/ltxcmds/ltxcmds.sty
Package: ltxcmds 2023-12-04 v1.26 LaTeX kernel commands for general use (HO)
) (/usr/local/texlive/2025/texmf-dist/tex/latex/kvsetkeys/kvsetkeys.sty
Package: kvsetkeys 2022-10-05 v1.19 Key value parser (HO)
)) (/usr/local/texlive/2025/texmf-dist/tex/generic/pdftexcmds/pdftexcmds.sty
Package: pdftexcmds 2020-06-27 v0.33 Utility functions of pdfTeX for LuaTeX (HO)
 (/usr/local/texlive/2025/texmf-dist/tex/generic/iftex/iftex.sty
Package: iftex 2024/12/12 v1.0g TeX engine tests
)
Package pdftexcmds Info: \pdf@primitive is available.
Package pdftexcmds Info: \pdf@ifprimitive is available.
Package pdftexcmds Info: \pdfdraftmode found.
) (/usr/local/texlive/2025/texmf-dist/tex/latex/epstopdf-pkg/epstopdf-base.sty
Package: epstopdf-base 2020-01-24 v2.11 Base part for package epstopdf
Package epstopdf-base Info: Redefining graphics rule for `.eps' on input line 485.
Package grfext Info: Graphics extension search list:
(grfext)             [.pdf,.png,.jpg,.mps,.jpeg,.jbig2,.jb2,.PDF,.PNG,.JPG,.JPEG,.JBIG2,.JB2,.eps]
(grfext)             \AppendGraphicsExtensions on input line 504.
 (/usr/local/texlive/2025/texmf-dist/tex/latex/latexconfig/epstopdf-sys.cfg
File: epstopdf-sys.cfg 2010/07/13 v1.3 Configuration of (r)epstopdf for TeX Live
))) (/usr/local/texlive/2025/texmf-dist/tex/latex/makecell/makecell.sty
Package: makecell 2009/08/03 V0.1e Managing of Tab Column Heads and Cells
 (/usr/local/texlive/2025/texmf-dist/tex/latex/tools/array.sty
Package: array 2025/09/25 v2.6n Tabular extension package (FMi)
\col@sep=\dimen160
\ar@mcellbox=\box56
\extrarowheight=\dimen161
\NC@list=\toks29
\extratabsurround=\skip55
\backup@length=\skip56
\ar@cellbox=\box57
)
\rotheadsize=\dimen162
\c@nlinenum=\count303
\TeXr@lab=\toks30
) (/usr/local/texlive/2025/texmf-dist/tex/latex/multirow/multirow.sty
Package: multirow 2024/11/12 v2.9 Span multiple rows of a table
\multirow@colwidth=\skip57
\multirow@cntb=\count304
\multirow@dima=\skip58
\bigstrutjot=\dimen163
) (/usr/local/texlive/2025/texmf-dist/tex/latex/titlesec/titletoc.sty
Package: titletoc 2025/01/04 v2.17 TOC entries
\ttl@leftsep=\dimen164
)
(/usr/local/texlive/2025/texmf-dist/tex/latex/thmtools/thmtools.sty
Package: thmtools 2023/05/04 v0.76
\thmt@toks=\toks31
\c@thmt@dummyctr=\count305
 (/usr/local/texlive/2025/texmf-dist/tex/latex/thmtools/thm-patch.sty
Package: thm-patch 2023/05/04 v0.76
 (/usr/local/texlive/2025/texmf-dist/tex/latex/thmtools/parseargs.sty
Package: parseargs 2023/05/04 v0.76
\@parsespec=\toks32
)) (/usr/local/texlive/2025/texmf-dist/tex/latex/thmtools/thm-kv.sty
Package: thm-kv 2023/05/04 v0.76
Package thm-kv Info: Theorem names will be uppercased on input line 42.
Package thm-kv Info: kvsetkeys patch (v1.16 or later) on input line 158.
) (/usr/local/texlive/2025/texmf-dist/tex/latex/thmtools/thm-autoref.sty
Package: thm-autoref 2023/05/04 v0.76
 (/usr/local/texlive/2025/texmf-dist/tex/latex/thmtools/aliasctr.sty
Package: aliasctr 2023/05/04 v0.76
)) (/usr/local/texlive/2025/texmf-dist/tex/latex/thmtools/thm-listof.sty
Package: thm-listof 2023/05/04 v0.76
) (/usr/local/texlive/2025/texmf-dist/tex/latex/thmtools/thm-restate.sty
Package: thm-restate 2023/05/04 v0.76
) (/usr/local/texlive/2025/texmf-dist/tex/latex/thmtools/thm-amsthm.sty
Package: thm-amsthm 2023/05/04 v0.76
\thmt@style@headstyle=\toks33
)) (/usr/local/texlive/2025/texmf-dist/tex/latex/extarrows/extarrows.sty
Package: extarrows 2020/03/12 v1.2.0 Some extensible arrows
) (/usr/local/texlive/2025/texmf-dist/tex/latex/tools/longtable.sty
Package: longtable 2025-10-13 v4.24 Multi-page Table package (DPC)
\LTleft=\skip59
\LTright=\skip60
\LTpre=\skip61
\LTpost=\skip62
\LTchunksize=\count306
\LTcapwidth=\dimen165
\LT@head=\box58
\LT@firsthead=\box59
\LT@foot=\box60
\LT@lastfoot=\box61
\LT@gbox=\box62
\LT@cols=\count307
\LT@rows=\count308
\c@LT@tables=\count309
\c@LT@chunks=\count310
\LT@p@ftn=\toks34
) (/usr/local/texlive/2025/texmf-dist/tex/latex/subfigure/subfigure.sty
Package: subfigure 2002/03/15 v2.1.5 subfigure package


Package subfigure Warning: Your document class has a bad definition
 of \endfigure, most likely
 \let\endfigure=\end@float
 which has now been changed to
 \def\endfigure{\end@float}
 because otherwise subsequent changes to \end@float
 (like done by several packages changing float behaviour)
 can't take effect on \endfigure.
 Please complain to your document class author.


Package subfigure Warning: Your document class has a bad definition
 of \endtable, most likely
 \let\endtable=\end@float
 which has now been changed to
 \def\endtable{\end@float}
 because otherwise subsequent changes to \end@float
 (like done by several packages changing float behaviour)
 can't take effect on \endtable.
 Please complain to your document class author.

\subfigtopskip=\skip63
\subfigcapskip=\skip64
\subfigcaptopadj=\dimen166
\subfigbottomskip=\skip65
\subfigcapmargin=\dimen167
\subfiglabelskip=\skip66
\c@subfigure=\count311
\c@lofdepth=\count312
\c@subtable=\count313
\c@lotdepth=\count314
****************************************
* Local config file subfigure.cfg used *
****************************************
(/usr/local/texlive/2025/texmf-dist/tex/latex/subfigure/subfigure.cfg)
\subfig@top=\skip67
\subfig@bottom=\skip68
) (/usr/local/texlive/2025/texmf-dist/tex/latex/xcolor/xcolor.sty
Package: xcolor 2024/09/29 v3.02 LaTeX color extensions (UK)
 (/usr/local/texlive/2025/texmf-dist/tex/latex/graphics-cfg/color.cfg
File: color.cfg 2016/01/02 v1.6 sample color configuration
)
Package xcolor Info: Driver file: pdftex.def on input line 274.
 (/usr/local/texlive/2025/texmf-dist/tex/latex/graphics/mathcolor.ltx)
Package xcolor Info: Model `cmy' substituted by `cmy0' on input line 1349.
Package xcolor Info: Model `hsb' substituted by `rgb' on input line 1353.
Package xcolor Info: Model `RGB' extended on input line 1365.
Package xcolor Info: Model `HTML' substituted by `rgb' on input line 1367.
Package xcolor Info: Model `Hsb' substituted by `hsb' on input line 1368.
Package xcolor Info: Model `tHsb' substituted by `hsb' on input line 1369.
Package xcolor Info: Model `HSB' substituted by `hsb' on input line 1370.
Package xcolor Info: Model `Gray' substituted by `gray' on input line 1371.
Package xcolor Info: Model `wave' substituted by `hsb' on input line 1372.
) (/usr/local/texlive/2025/texmf-dist/tex/latex/graphics/dvipsnam.def
File: dvipsnam.def 2016/06/17 v3.0m Driver-dependent file (DPC,SPQR)
) (/usr/local/texlive/2025/texmf-dist/tex/latex/pdfpages/pdfpages.sty
Package: pdfpages 2025/07/23 v0.6g Insert pages of external PDF documents (AM)
 (/usr/local/texlive/2025/texmf-dist/tex/latex/base/ifthen.sty
Package: ifthen 2024/03/16 v1.1e Standard LaTeX ifthen package (DPC)
) (/usr/local/texlive/2025/texmf-dist/tex/latex/tools/calc.sty
Package: calc 2025/03/01 v4.3b Infix arithmetic (KKT,FJ)
\calc@Acount=\count315
\calc@Bcount=\count316
\calc@Adimen=\dimen168
\calc@Bdimen=\dimen169
\calc@Askip=\skip69
\calc@Bskip=\skip70
LaTeX Info: Redefining \setlength on input line 86.
LaTeX Info: Redefining \addtolength on input line 87.
\calc@Ccount=\count317
\calc@Cskip=\skip71
) (/usr/local/texlive/2025/texmf-dist/tex/latex/eso-pic/eso-pic.sty
Package: eso-pic 2023/05/03 v3.0c eso-pic (RN)
\ESO@tempdima=\dimen170
\ESO@tempdimb=\dimen171
) (/usr/local/texlive/2025/texmf-dist/tex/latex/etoolbox/etoolbox.sty
Package: etoolbox 2025/10/02 v2.5m e-TeX tools for LaTeX (JAW)
\etb@tempcnta=\count318
)
\AM@pagewidth=\dimen172
\AM@pageheight=\dimen173
\AM@fboxrule=\dimen174
 (/usr/local/texlive/2025/texmf-dist/tex/latex/pdfpages/pppdftex.def
File: pppdftex.def 2025/07/23 v0.6g Pdfpages driver for pdfTeX (AM)
)
\pdfpages@includegraphics@status=\count319
\AM@pagebox=\box63
\AM@global@opts=\toks35
\AM@pagecnt=\count320
\AM@toc@title=\toks36
\AM@lof@heading=\toks37
\c@AM@survey=\count321
\AM@templatesizebox=\box64
) (/usr/local/texlive/2025/texmf-dist/tex/latex/base/fontenc.sty
Package: fontenc 2025/07/18 v2.1d Standard LaTeX package
) (/usr/local/texlive/2025/texmf-dist/tex/latex/algorithmicx/algpseudocode.sty
Package: algpseudocode 
 (/usr/local/texlive/2025/texmf-dist/tex/latex/algorithmicx/algorithmicx.sty
Package: algorithmicx 2005/04/27 v1.2 Algorithmicx

Document Style algorithmicx 1.2 - a greatly improved `algorithmic' style
\c@ALG@line=\count322
\c@ALG@rem=\count323
\c@ALG@nested=\count324
\ALG@tlm=\skip72
\ALG@thistlm=\skip73
\c@ALG@Lnr=\count325
\c@ALG@blocknr=\count326
\c@ALG@storecount=\count327
\c@ALG@tmpcounter=\count328
\ALG@tmplength=\skip74
)
Document Style - pseudocode environments for use with the `algorithmicx' style
) (/usr/local/texlive/2025/texmf-dist/tex/latex/enumitem/enumitem.sty
Package: enumitem 2025/02/06 v3.11 Customized lists
\labelindent=\skip75
\enit@outerparindent=\dimen175
\enit@toks=\toks38
\enit@inbox=\box65
\enit@count@id=\count329
\enitdp@description=\count330
) (/usr/local/texlive/2025/texmf-dist/tex/latex/algorithms/algorithm.sty
Package: algorithm 2009/08/24 v0.1 Document Style `algorithm' - floating environment
 (/usr/local/texlive/2025/texmf-dist/tex/latex/float/float.sty
Package: float 2001/11/08 v1.3d Float enhancements (AL)
\c@float@type=\count331
\float@exts=\toks39
\float@box=\box66
\@float@everytoks=\toks40
\@floatcapt=\box67
)
\@float@every@algorithm=\toks41


Package float Warning: Can't redefine counter variable for algorithm. on input line 95.

) (/usr/local/texlive/2025/texmf-dist/tex/latex/titlesec/titlesec.sty
Package: titlesec 2025/01/04 v2.17 Sectioning titles
\ttl@box=\box68
\beforetitleunit=\skip76
\aftertitleunit=\skip77
\ttl@plus=\dimen176
\ttl@minus=\dimen177
\ttl@toksa=\toks42
\titlewidth=\dimen178
\titlewidthlast=\dimen179
\titlewidthfirst=\dimen180
) (/usr/local/texlive/2025/texmf-dist/tex/latex/booktabs/booktabs.sty
Package: booktabs 2020/01/12 v1.61803398 Publication quality tables
\heavyrulewidth=\dimen181
\lightrulewidth=\dimen182
\cmidrulewidth=\dimen183
\belowrulesep=\dimen184
\belowbottomsep=\dimen185
\aboverulesep=\dimen186
\abovetopsep=\dimen187
\cmidrulesep=\dimen188
\cmidrulekern=\dimen189
\defaultaddspace=\dimen190
\@cmidla=\count332
\@cmidlb=\count333
\@aboverulesep=\dimen191
\@belowrulesep=\dimen192
\@thisruleclass=\count334
\@lastruleclass=\count335
\@thisrulewidth=\dimen193
) (/usr/local/texlive/2025/texmf-dist/tex/latex/caption/caption.sty
Package: caption 2023/08/05 v3.6o Customizing captions (AR)
 (/usr/local/texlive/2025/texmf-dist/tex/latex/caption/caption3.sty
Package: caption3 2023/07/31 v2.4d caption3 kernel (AR)
\caption@tempdima=\dimen194
\captionmargin=\dimen195
\caption@leftmargin=\dimen196
\caption@rightmargin=\dimen197
\caption@width=\dimen198
\caption@indent=\dimen199
\caption@parindent=\dimen256
\caption@hangindent=\dimen257
\abovecaptionskip=\skip78
\belowcaptionskip=\skip79
Package caption Info: Unknown document class (or package),
(caption)             standard defaults will be used.
Package caption Info: \@makecaption = \long macro:#1#2-> {\vspace {10pt}\centering \if@isatable \hbox to \hsize {\hfil #1 \hfil } \vspace {\baselineskip } \setbox \@tempboxa \hbox {#2} \ifdim \wd \@tempboxa >\hsize #2\par \else \hbox to \hsize {\hfil \box \@tempboxa \hfil } \fi \else \setbox \@tempboxa \hbox {#1. #2} \ifdim \wd \@tempboxa >\hsize #1. #2\par \else \hbox to\hsize {\hfil \box \@tempboxa \hfil } \fi \fi } on input line 1175.
)

Package caption Warning: Unknown document class (or package),
(caption)                standard defaults will be used.
See the caption package documentation for explanation.

\c@caption@flags=\count336
\c@continuedfloat=\count337
Package caption Info: float package is loaded.
Package caption Info: longtable package is loaded.
(/usr/local/texlive/2025/texmf-dist/tex/latex/caption/ltcaption.sty
Package: ltcaption 2021/01/08 v1.4c longtable captions (AR)
)
Package caption Info: subfigure package is loaded.
) (/usr/local/texlive/2025/texmf-dist/tex/latex/listings/listings.sty
\lst@mode=\count338
\lst@gtempboxa=\box69
\lst@token=\toks43
\lst@length=\count339
\lst@currlwidth=\dimen258
\lst@column=\count340
\lst@pos=\count341
\lst@lostspace=\dimen259
\lst@width=\dimen260
\lst@newlines=\count342
\lst@lineno=\count343
\lst@maxwidth=\dimen261
 (/usr/local/texlive/2025/texmf-dist/tex/latex/listings/lstpatch.sty
File: lstpatch.sty 2025/11/14 1.11b (Carsten Heinz)
) (/usr/local/texlive/2025/texmf-dist/tex/latex/listings/lstmisc.sty
File: lstmisc.sty 2025/11/14 1.11b (Carsten Heinz)
\c@lstnumber=\count344
\lst@skipnumbers=\count345
\lst@framebox=\box70
) (/usr/local/texlive/2025/texmf-dist/tex/latex/listings/listings.cfg
File: listings.cfg 2025/11/14 1.11b listings configuration
))
Package: listings 2025/11/14 1.11b (Carsten Heinz)

==> First Aid for listings.sty no longer applied!
    Expected:
        2024/09/23 1.10c (Carsten Heinz)
    but found:
        2025/11/14 1.11b (Carsten Heinz)
    so I'm assuming it got fixed.
(/usr/local/texlive/2025/texmf-dist/tex/latex/hyperref/hyperref.sty
Package: hyperref 2025-07-12 v7.01o Hypertext links for LaTeX
 (/usr/local/texlive/2025/texmf-dist/tex/generic/pdfescape/pdfescape.sty
Package: pdfescape 2019/12/09 v1.15 Implements pdfTeX's escape features (HO)
) (/usr/local/texlive/2025/texmf-dist/tex/latex/hycolor/hycolor.sty
Package: hycolor 2020-01-27 v1.10 Color options for hyperref/bookmark (HO)
) (/usr/local/texlive/2025/texmf-dist/tex/latex/hyperref/nameref.sty
Package: nameref 2025-06-21 v2.57 Cross-referencing by name of section
 (/usr/local/texlive/2025/texmf-dist/tex/latex/refcount/refcount.sty
Package: refcount 2019/12/15 v3.6 Data extraction from label references (HO)
) (/usr/local/texlive/2025/texmf-dist/tex/generic/gettitlestring/gettitlestring.sty
Package: gettitlestring 2019/12/15 v1.6 Cleanup title references (HO)
)
\c@section@level=\count346
) (/usr/local/texlive/2025/texmf-dist/tex/generic/stringenc/stringenc.sty
Package: stringenc 2019/11/29 v1.12 Convert strings between diff. encodings (HO)
)
\@linkdim=\dimen262
\Hy@linkcounter=\count347
\Hy@pagecounter=\count348
 (/usr/local/texlive/2025/texmf-dist/tex/latex/hyperref/pd1enc.def
File: pd1enc.def 2025-07-12 v7.01o Hyperref: PDFDocEncoding definition (HO)
Now handling font encoding PD1 ...
... no UTF-8 mapping file for font encoding PD1
) (/usr/local/texlive/2025/texmf-dist/tex/generic/intcalc/intcalc.sty
Package: intcalc 2019/12/15 v1.3 Expandable calculations with integers (HO)
)
\Hy@SavedSpaceFactor=\count349
 (/usr/local/texlive/2025/texmf-dist/tex/latex/hyperref/puenc.def
File: puenc.def 2025-07-12 v7.01o Hyperref: PDF Unicode definition (HO)
Now handling font encoding PU ...
... no UTF-8 mapping file for font encoding PU
)
Package hyperref Info: Hyper figures OFF on input line 4195.
Package hyperref Info: Link nesting OFF on input line 4200.
Package hyperref Info: Hyper index ON on input line 4203.
Package hyperref Info: Plain pages OFF on input line 4210.
Package hyperref Info: Backreferencing OFF on input line 4215.
Package hyperref Info: Implicit mode ON; LaTeX internals redefined.
Package hyperref Info: Bookmarks ON on input line 4462.
\c@Hy@tempcnt=\count350
LaTeX Info: Redefining \url on input line 4801.
\XeTeXLinkMargin=\dimen263
 (/usr/local/texlive/2025/texmf-dist/tex/generic/bitset/bitset.sty
Package: bitset 2019/12/09 v1.3 Handle bit-vector datatype (HO)
 (/usr/local/texlive/2025/texmf-dist/tex/generic/bigintcalc/bigintcalc.sty
Package: bigintcalc 2019/12/15 v1.5 Expandable calculations on big integers (HO)
))
\Fld@menulength=\count351
\Field@Width=\dimen264
\Fld@charsize=\dimen265
Package hyperref Info: Hyper figures OFF on input line 6078.
Package hyperref Info: Link nesting OFF on input line 6083.
Package hyperref Info: Hyper index ON on input line 6086.
Package hyperref Info: backreferencing OFF on input line 6093.
Package hyperref Info: Link coloring OFF on input line 6098.
Package hyperref Info: Link coloring with OCG OFF on input line 6103.
Package hyperref Info: PDF/A mode OFF on input line 6108.
\Hy@abspage=\count352
\c@Item=\count353
\c@Hfootnote=\count354
)
Package hyperref Info: Driver (autodetected): hpdftex.
 (/usr/local/texlive/2025/texmf-dist/tex/latex/hyperref/hpdftex.def
File: hpdftex.def 2025-07-12 v7.01o Hyperref driver for pdfTeX
\Fld@listcount=\count355
\c@bookmark@seq@number=\count356
 (/usr/local/texlive/2025/texmf-dist/tex/latex/rerunfilecheck/rerunfilecheck.sty
Package: rerunfilecheck 2025-06-21 v1.11 Rerun checks for auxiliary files (HO)

(/usr/local/texlive/2025/texmf-dist/tex/generic/uniquecounter/uniquecounter.sty
Package: uniquecounter 2019/12/15 v1.4 Provide unlimited unique counter (HO)
)
Package uniquecounter Info: New unique counter `rerunfilecheck' on input line 284.
)
\Hy@SectionHShift=\skip80
)
Package hyperref Info: Option `colorlinks' set `true' on input line 72.
) (./bin/settings.tex
\c@subpart=\count357
) (./bin/symbols.tex
\c@theorem=\count358
\c@proposition=\count359
\c@lemma=\count360
\c@corollary=\count361
\c@example=\count362
\c@definition=\count363
\c@remark=\count364
) (./thesisphd.aux

LaTeX Warning: Label `fig:dashboard_explain' multiply defined.


LaTeX Warning: Label `fig:dashboard_explain' multiply defined.

)
\openout1 = `thesisphd.aux'.

LaTeX Font Info:    Checking defaults for OML/cmm/m/it on input line 68.
LaTeX Font Info:    ... okay on input line 68.
LaTeX Font Info:    Checking defaults for OMS/cmsy/m/n on input line 68.
LaTeX Font Info:    ... okay on input line 68.
LaTeX Font Info:    Checking defaults for OT1/cmr/m/n on input line 68.
LaTeX Font Info:    ... okay on input line 68.
LaTeX Font Info:    Checking defaults for T1/cmr/m/n on input line 68.
LaTeX Font Info:    ... okay on input line 68.
LaTeX Font Info:    Checking defaults for TS1/cmr/m/n on input line 68.
LaTeX Font Info:    ... okay on input line 68.
LaTeX Font Info:    Checking defaults for OMX/cmex/m/n on input line 68.
LaTeX Font Info:    ... okay on input line 68.
LaTeX Font Info:    Checking defaults for U/cmr/m/n on input line 68.
LaTeX Font Info:    ... okay on input line 68.
LaTeX Font Info:    Checking defaults for PD1/pdf/m/n on input line 68.
LaTeX Font Info:    ... okay on input line 68.
LaTeX Font Info:    Checking defaults for PU/pdf/m/n on input line 68.
LaTeX Font Info:    ... okay on input line 68.
 (/usr/local/texlive/2025/texmf-dist/tex/context/base/mkii/supp-pdf.mkii
[Loading MPS to PDF converter (version 2006.09.02).]
\scratchcounter=\count365
\scratchdimen=\dimen266
\scratchbox=\box71
\nofMPsegments=\count366
\nofMParguments=\count367
\everyMPshowfont=\toks44
\MPscratchCnt=\count368
\MPscratchDim=\dimen267
\MPnumerator=\count369
\makeMPintoPDFobject=\count370
\everyMPtoPDFconversion=\toks45
) (/usr/local/texlive/2025/texmf-dist/tex/latex/pdflscape/pdflscape.sty
Package: pdflscape 2025-06-23 v0.14 Display of landscape pages in PDF
 (/usr/local/texlive/2025/texmf-dist/tex/latex/pdflscape/pdflscape-nometadata.sty
Package: pdflscape-nometadata 2025-06-23 v0.14 Display of landscape pages in PDF (HO)
 (/usr/local/texlive/2025/texmf-dist/tex/latex/graphics/lscape.sty
Package: lscape 2020/05/28 v3.02 Landscape Pages (DPC)
)
Package pdflscape Info: Auto-detected driver: pdftex on input line 81.
))
Package caption Info: Begin \AtBeginDocument code.
Package caption Info: hyperref package is loaded.
Package caption Info: listings package is loaded.
Package caption Info: End \AtBeginDocument code.
\c@lstlisting=\count371


Package hyperref Warning: Height of page (\paperheight) is invalid (0.0pt),
(hyperref)                using 11in.

Package hyperref Info: Link coloring ON on input line 68.
(./thesisphd.out) (./thesisphd.out)
\@outlinefile=\write3
\openout3 = `thesisphd.out'.

LaTeX Font Info:    Trying to load font information for U+msa on input line 69.
 (/usr/local/texlive/2025/texmf-dist/tex/latex/amsfonts/umsa.fd
File: umsa.fd 2013/01/14 v3.01 AMS symbols A
)
LaTeX Font Info:    Trying to load font information for U+msb on input line 69.
 (/usr/local/texlive/2025/texmf-dist/tex/latex/amsfonts/umsb.fd
File: umsb.fd 2013/01/14 v3.01 AMS symbols B
) [2{/usr/local/texlive/2025/texmf-var/fonts/map/pdftex/updmap/pdftex.map}{/usr/local/texlive/2025/texmf-dist/fonts/enc/dvips/cm-super/cm-super-t1.enc}]
pdfTeX warning (ext4): destination with the same identifier (name{page.ii}) has been already used, duplicate ignored
<to be read again> 
                   \relax 
l.70 \copyrightpage
                    [2]
ACKNOWLEDGMENTS.
(./src/acknowledgements.tex) [3

]
TABLE OF CONTENTS.
(./thesisphd.toc [4

])
\tf@toc=\write4
\openout4 = `thesisphd.toc'.

 [5]
LIST OF TABLES.
(./thesisphd.lot)
\tf@lot=\write5
\openout5 = `thesisphd.lot'.

 [6

]
LIST OF FIGURES.
(./thesisphd.lof)
\tf@lof=\write6
\openout6 = `thesisphd.lof'.

 [7

]
SUMMARY.
(./src/summary.tex
Overfull \hbox (13.75171pt too wide) in paragraph at lines 3--4
[]\T1/cmr/m/n/10.95 FairLint-DL trains a con-fig-urable deep neu-ral net-work as a proxy model and ap-plies information-
 []

) [8

] (./src/chapter_introduction.tex [9]
CHAPTER 1.

Package hyperref Warning: Token not allowed in a PDF string (Unicode):
(hyperref)                removing `\hbox' on input line 1.


Package hyperref Warning: Token not allowed in a PDF string (Unicode):
(hyperref)                removing `\@tempdima' on input line 1.


Package hyperref Warning: Token not allowed in a PDF string (Unicode):
(hyperref)                \hskip 21.77576pt
(hyperref)                replaced by space on input line 1.


Package hyperref Warning: Token not allowed in a PDF string (Unicode):
(hyperref)                removing `\hss' on input line 1.


Package hyperref Warning: Token not allowed in a PDF string (Unicode):
(hyperref)                removing `\uppercase' on input line 1.


LaTeX Warning: Citation `mentalmap' on page 1 undefined on input line 8.

[1

] [2] [3]) (./src/chapter_1.tex [4]
CHAPTER 2.

Package hyperref Warning: Token not allowed in a PDF string (Unicode):
(hyperref)                removing `\hbox' on input line 1.


Package hyperref Warning: Token not allowed in a PDF string (Unicode):
(hyperref)                removing `\@tempdima' on input line 1.


Package hyperref Warning: Token not allowed in a PDF string (Unicode):
(hyperref)                \hskip 21.77576pt
(hyperref)                replaced by space on input line 1.


Package hyperref Warning: Token not allowed in a PDF string (Unicode):
(hyperref)                removing `\hss' on input line 1.


Package hyperref Warning: Token not allowed in a PDF string (Unicode):
(hyperref)                removing `\uppercase' on input line 1.


LaTeX Warning: Citation `mentalmap' on page 5 undefined on input line 6.


LaTeX Warning: Citation `mentalmap' on page 5 undefined on input line 14.

[5

]

LaTeX Warning: Citation `mentalmap' on page 6 undefined on input line 22.

[6] [7]) (./src/chapter_2.tex [8]
CHAPTER 3.

Package hyperref Warning: Token not allowed in a PDF string (Unicode):
(hyperref)                removing `\hbox' on input line 1.


Package hyperref Warning: Token not allowed in a PDF string (Unicode):
(hyperref)                removing `\@tempdima' on input line 1.


Package hyperref Warning: Token not allowed in a PDF string (Unicode):
(hyperref)                \hskip 21.77576pt
(hyperref)                replaced by space on input line 1.


Package hyperref Warning: Token not allowed in a PDF string (Unicode):
(hyperref)                removing `\hss' on input line 1.


Package hyperref Warning: Token not allowed in a PDF string (Unicode):
(hyperref)                removing `\uppercase' on input line 1.

<images/fairlint-dl-architecture.png, id=521, 11297.20625pt x 5756.50626pt>
File: images/fairlint-dl-architecture.png Graphic file (type png)
<use images/fairlint-dl-architecture.png>
Package pdftex.def Info: images/fairlint-dl-architecture.png  used on input line 15.
(pdftex.def)             Requested size: 429.10175pt x 218.62654pt.
[9

]
Underfull \hbox (badness 2591) in paragraph at lines 35--36
[]|\T1/cmr/m/n/10.95 Returns col-umn names, sam-ple data,
 []


Underfull \hbox (badness 2418) in paragraph at lines 40--41
[]|\T1/cmr/m/n/10.95 Performs layer and neu-ron sen-si-tiv-ity
 []

[10 <./images/fairlint-dl-architecture.png>] [11]
Package hyperref Info: bookmark level for unknown lstlisting defaults to 0 on input line 51.
 [12]
Overfull \hbox (13.52501pt too wide) in paragraph at lines 86--87
[]\T1/cmr/bx/n/10.95 Discriminatory In-stance Search: \T1/cmr/m/n/10.95 Gradient-guided global search fol-lowed by perturbation-
 []

) (./src/chapter_3.tex [13]
CHAPTER 4.

Package hyperref Warning: Token not allowed in a PDF string (Unicode):
(hyperref)                removing `\hbox' on input line 1.


Package hyperref Warning: Token not allowed in a PDF string (Unicode):
(hyperref)                removing `\@tempdima' on input line 1.


Package hyperref Warning: Token not allowed in a PDF string (Unicode):
(hyperref)                \hskip 21.77576pt
(hyperref)                replaced by space on input line 1.


Package hyperref Warning: Token not allowed in a PDF string (Unicode):
(hyperref)                removing `\hss' on input line 1.


Package hyperref Warning: Token not allowed in a PDF string (Unicode):
(hyperref)                removing `\uppercase' on input line 1.

[14

] [15] [16]
Overfull \hbox (6.12285pt too wide) in paragraph at lines 74--75
[]\T1/cmr/m/n/10.95 FairLint-DL com-ple-ments individual-level QID with three group-level fair-ness met-rics. Groups
 []

[17]) (./src/chapter_4.tex [18]
CHAPTER 5.

Package hyperref Warning: Token not allowed in a PDF string (Unicode):
(hyperref)                removing `\hbox' on input line 1.


Package hyperref Warning: Token not allowed in a PDF string (Unicode):
(hyperref)                removing `\@tempdima' on input line 1.


Package hyperref Warning: Token not allowed in a PDF string (Unicode):
(hyperref)                \hskip 21.77576pt
(hyperref)                replaced by space on input line 1.


Package hyperref Warning: Token not allowed in a PDF string (Unicode):
(hyperref)                removing `\hss' on input line 1.


Package hyperref Warning: Token not allowed in a PDF string (Unicode):
(hyperref)                removing `\uppercase' on input line 1.

(/usr/local/texlive/2025/texmf-dist/tex/latex/listings/lstlang1.sty
File: lstlang1.sty 2025/11/14 1.11b listings language file
)
pdfTeX warning (ext4): destination with the same identifier (name{lstlisting.1}) has been already used, duplicate ignored
<to be read again> 
                   \relax 
l.28 \begin{lstlisting}[language=Python, caption={DNN architecture definition (simplified).}]
                                                                                             
pdfTeX warning (ext4): destination with the same identifier (name{lstnumber.1.1}) has been already used, duplicate ignored
<to be read again> 
                   \relax 
l.29 class 
           FairnessDetectorDNN(nn.Module):
pdfTeX warning (ext4): destination with the same identifier (name{lstnumber.1.2}) has been already used, duplicate ignored
<to be read again> 
                   \relax 
l.30  
         def __init__(self, input_dim, hidden_layers=[64,32,16,8,4], [19

]
pdfTeX warning (ext4): destination with the same identifier (name{lstnumber.1.3}) has been already used, duplicate ignored
<to be read again> 
                   \relax 
l.31  
                      num_classes=2, dropout=0.2):
pdfTeX warning (ext4): destination with the same identifier (name{lstnumber.1.4}) has been already used, duplicate ignored
<to be read again> 
                   \relax 
l.32  
             super().__init__()
pdfTeX warning (ext4): destination with the same identifier (name{lstnumber.1.5}) has been already used, duplicate ignored
<to be read again> 
                   \relax 
l.33  
             layers = []
pdfTeX warning (ext4): destination with the same identifier (name{lstnumber.1.6}) has been already used, duplicate ignored
<to be read again> 
                   \relax 
l.34  
             prev_dim = input_dim
pdfTeX warning (ext4): destination with the same identifier (name{lstnumber.1.7}) has been already used, duplicate ignored
<to be read again> 
                   \relax 
l.35  
             for h in hidden_layers:
pdfTeX warning (ext4): destination with the same identifier (name{lstnumber.1.8}) has been already used, duplicate ignored
<to be read again> 
                   \relax 
l.36  
                 layers.extend([
pdfTeX warning (ext4): destination with the same identifier (name{lstnumber.1.9}) has been already used, duplicate ignored
<to be read again> 
                   \relax 
l.37  
                     nn.Linear(prev_dim, h),
pdfTeX warning (ext4): destination with the same identifier (name{lstnumber.1.10}) has been already used, duplicate ignored
<to be read again> 
                   \relax 
l.38  
                     nn.BatchNorm1d(h),
pdfTeX warning (ext4): destination with the same identifier (name{lstnumber.1.11}) has been already used, duplicate ignored
<to be read again> 
                   \relax 
l.39  
                     nn.ReLU(),
pdfTeX warning (ext4): destination with the same identifier (name{lstnumber.1.12}) has been already used, duplicate ignored
<to be read again> 
                   \relax 
l.40  
                     nn.Dropout(dropout)
pdfTeX warning (ext4): destination with the same identifier (name{lstnumber.1.13}) has been already used, duplicate ignored
<to be read again> 
                   \relax 
l.41  
                 ])
pdfTeX warning (ext4): destination with the same identifier (name{lstnumber.1.14}) has been already used, duplicate ignored
<to be read again> 
                   \relax 
l.42  
                 prev_dim = h
pdfTeX warning (ext4): destination with the same identifier (name{lstnumber.1.15}) has been already used, duplicate ignored
<to be read again> 
                   \relax 
l.43  
             layers.append(nn.Linear(prev_dim, num_classes))
pdfTeX warning (ext4): destination with the same identifier (name{lstnumber.1.16}) has been already used, duplicate ignored
<to be read again> 
                   \relax 
l.44  
             self.network = nn.Sequential(*layers) [20]
<images/context-menu-vscode.png, id=622, 921.4425pt x 620.81938pt>
File: images/context-menu-vscode.png Graphic file (type png)
<use images/context-menu-vscode.png>
Package pdftex.def Info: images/context-menu-vscode.png  used on input line 63.
(pdftex.def)             Requested size: 429.10175pt x 289.10431pt.
) (./src/chapter_5.tex [21] [22 <./images/context-menu-vscode.png>]
CHAPTER 6.

Package hyperref Warning: Token not allowed in a PDF string (Unicode):
(hyperref)                removing `\hbox' on input line 1.


Package hyperref Warning: Token not allowed in a PDF string (Unicode):
(hyperref)                removing `\@tempdima' on input line 1.


Package hyperref Warning: Token not allowed in a PDF string (Unicode):
(hyperref)                \hskip 21.77576pt
(hyperref)                replaced by space on input line 1.


Package hyperref Warning: Token not allowed in a PDF string (Unicode):
(hyperref)                removing `\hss' on input line 1.


Package hyperref Warning: Token not allowed in a PDF string (Unicode):
(hyperref)                removing `\uppercase' on input line 1.

[23

] [24] [25] [26] [27]
<images/group-fairness.png, id=656, 857.8449pt x 659.3433pt>
File: images/group-fairness.png Graphic file (type png)
<use images/group-fairness.png>
Package pdftex.def Info: images/group-fairness.png  used on input line 106.
(pdftex.def)             Requested size: 429.10175pt x 329.81169pt.
 [28] [29 <./images/group-fairness.png>]
<images/layer-sensitivity.png, id=668, 563.706pt x 342.8007pt>
File: images/layer-sensitivity.png Graphic file (type png)
<use images/layer-sensitivity.png>
Package pdftex.def Info: images/layer-sensitivity.png  used on input line 143.
(pdftex.def)             Requested size: 429.10175pt x 260.94968pt.
 [30] [31 <./images/layer-sensitivity.png>]
<images/neuron-impact.png, id=679, 523.9575pt x 313.8927pt>
File: images/neuron-impact.png Graphic file (type png)
<use images/neuron-impact.png>
Package pdftex.def Info: images/neuron-impact.png  used on input line 173.
(pdftex.def)             Requested size: 429.10175pt x 257.07277pt.
 [32] [33 <./images/neuron-impact.png>] [34]
<images/shap-lime.png, id=698, 1000.9395pt x 402.7848pt>
File: images/shap-lime.png Graphic file (type png)
<use images/shap-lime.png>
Package pdftex.def Info: images/shap-lime.png  used on input line 232.
(pdftex.def)             Requested size: 429.10175pt x 172.67783pt.
 [35] [36 <./images/shap-lime.png>]
<images/fairness-gauge.png, id=709, 239.2137pt x 151.5261pt>
File: images/fairness-gauge.png Graphic file (type png)
<use images/fairness-gauge.png>
Package pdftex.def Info: images/fairness-gauge.png  used on input line 264.
(pdftex.def)             Requested size: 429.10175pt x 271.83577pt.
 [37] [38 <./images/fairness-gauge.png>]) (./src/chapter_conclusion.tex [39]
CHAPTER 7.

Package hyperref Warning: Token not allowed in a PDF string (Unicode):
(hyperref)                removing `\hbox' on input line 1.


Package hyperref Warning: Token not allowed in a PDF string (Unicode):
(hyperref)                removing `\@tempdima' on input line 1.


Package hyperref Warning: Token not allowed in a PDF string (Unicode):
(hyperref)                \hskip 21.77576pt
(hyperref)                replaced by space on input line 1.


Package hyperref Warning: Token not allowed in a PDF string (Unicode):
(hyperref)                removing `\hss' on input line 1.


Package hyperref Warning: Token not allowed in a PDF string (Unicode):
(hyperref)                removing `\uppercase' on input line 1.

[40

]

LaTeX Warning: Citation `mentalmap' on page 41 undefined on input line 24.

[41] [42]
CHAPTER 8.

Package hyperref Warning: Token not allowed in a PDF string (Unicode):
(hyperref)                removing `\hbox' on input line 43.


Package hyperref Warning: Token not allowed in a PDF string (Unicode):
(hyperref)                removing `\@tempdima' on input line 43.


Package hyperref Warning: Token not allowed in a PDF string (Unicode):
(hyperref)                \hskip 21.77576pt
(hyperref)                replaced by space on input line 43.


Package hyperref Warning: Token not allowed in a PDF string (Unicode):
(hyperref)                removing `\hss' on input line 43.


Package hyperref Warning: Token not allowed in a PDF string (Unicode):
(hyperref)                removing `\uppercase' on input line 43.

[43

]

LaTeX Warning: Citation `mentalmap' on page 44 undefined on input line 64.

) [44]

Package hyperref Warning: Token not allowed in a PDF string (Unicode):
(hyperref)                removing `\hbox' on input line 89.


Package hyperref Warning: Token not allowed in a PDF string (Unicode):
(hyperref)                removing `\@tempdima' on input line 89.


Package hyperref Warning: Token not allowed in a PDF string (Unicode):
(hyperref)                removing `\hss' on input line 89.

[45

] (./src/appendices.tex
Appendix A.

Package hyperref Warning: Token not allowed in a PDF string (Unicode):
(hyperref)                removing `\hbox' on input line 1.


Package hyperref Warning: Token not allowed in a PDF string (Unicode):
(hyperref)                removing `\@tempdima' on input line 1.


Package hyperref Warning: Token not allowed in a PDF string (Unicode):
(hyperref)                removing `\hss' on input line 1.

<images/webview/overview.png, id=751, 1223.06938pt x 680.5425pt>
File: images/webview/overview.png Graphic file (type png)
<use images/webview/overview.png>
Package pdftex.def Info: images/webview/overview.png  used on input line 6.
(pdftex.def)             Requested size: 429.10175pt x 238.75418pt.
<images/webview/qid-analysis.png, id=752, 810.52812pt x 685.56125pt>
File: images/webview/qid-analysis.png Graphic file (type png)
<use images/webview/qid-analysis.png>
Package pdftex.def Info: images/webview/qid-analysis.png  used on input line 13.
(pdftex.def)             Requested size: 429.10175pt x 362.94821pt.
[46

 <./images/webview/overview.png>]
<images/webview/group-fairness-1.png, id=759, 967.11313pt x 610.28pt>
File: images/webview/group-fairness-1.png Graphic file (type png)
<use images/webview/group-fairness-1.png>
Package pdftex.def Info: images/webview/group-fairness-1.png  used on input line 20.
(pdftex.def)             Requested size: 429.10175pt x 270.77756pt.
<images/webview/group-fairness-2.png, id=760, 995.21812pt x 695.59875pt>
File: images/webview/group-fairness-2.png Graphic file (type png)
<use images/webview/group-fairness-2.png>
Package pdftex.def Info: images/webview/group-fairness-2.png  used on input line 21.
(pdftex.def)             Requested size: 429.10175pt x 299.91891pt.
 [47 <./images/webview/qid-analysis.png>]
Overfull \vbox (40.46648pt too high) has occurred while \output is active []

 [48 <./images/webview/group-fairness-1.png> <./images/webview/group-fairness-2.png>]
<images/webview/causal-debugger.png, id=772, 1032.85875pt x 629.85312pt>
File: images/webview/causal-debugger.png Graphic file (type png)
<use images/webview/causal-debugger.png>
Package pdftex.def Info: images/webview/causal-debugger.png  used on input line 28.
(pdftex.def)             Requested size: 429.10175pt x 261.67249pt.
<images/webview/shap-explanations-1.png, id=773, 944.52875pt x 675.02188pt>
File: images/webview/shap-explanations-1.png Graphic file (type png)
<use images/webview/shap-explanations-1.png>
Package pdftex.def Info: images/webview/shap-explanations-1.png  used on input line 35.
(pdftex.def)             Requested size: 429.10175pt x 306.67194pt.
<images/webview/shap-explanations-2.png, id=774, 933.98938pt x 451.6875pt>
File: images/webview/shap-explanations-2.png Graphic file (type png)
<use images/webview/shap-explanations-2.png>
Package pdftex.def Info: images/webview/shap-explanations-2.png  used on input line 36.
(pdftex.def)             Requested size: 429.10175pt x 207.51686pt.
<images/webview/shap-explanations-3.png, id=775, 933.98938pt x 630.85687pt>
File: images/webview/shap-explanations-3.png Graphic file (type png)
<use images/webview/shap-explanations-3.png>
Package pdftex.def Info: images/webview/shap-explanations-3.png  used on input line 37.
(pdftex.def)             Requested size: 429.10175pt x 289.8319pt.
 [49 <./images/webview/causal-debugger.png>]
Overfull \vbox (274.7907pt too high) has occurred while \output is active []

 [50 <./images/webview/shap-explanations-1.png> <./images/webview/shap-explanations-2.png> <./images/webview/shap-explanations-3.png>]
<images/webview/lime-explanation.png, id=788, 937.00063pt x 632.3625pt>
File: images/webview/lime-explanation.png Graphic file (type png)
<use images/webview/lime-explanation.png>
Package pdftex.def Info: images/webview/lime-explanation.png  used on input line 44.
(pdftex.def)             Requested size: 429.10175pt x 289.5973pt.
<images/webview/per-instance-lime-explanation.png, id=789, 994.21437pt x 644.4075pt>
File: images/webview/per-instance-lime-explanation.png Graphic file (type png)
<use images/webview/per-instance-lime-explanation.png>
Package pdftex.def Info: images/webview/per-instance-lime-explanation.png  used on input line 51.
(pdftex.def)             Requested size: 429.10175pt x 278.13211pt.
 [51 <./images/webview/lime-explanation.png>]
<images/webview/internal-space-viz-1.png, id=795, 1233.60875pt x 608.2725pt>
File: images/webview/internal-space-viz-1.png Graphic file (type png)
<use images/webview/internal-space-viz-1.png>
Package pdftex.def Info: images/webview/internal-space-viz-1.png  used on input line 58.
(pdftex.def)             Requested size: 429.10175pt x 211.5806pt.
<images/webview/internal-space-viz-2.png, id=796, 828.59563pt x 417.56pt>
File: images/webview/internal-space-viz-2.png Graphic file (type png)
<use images/webview/internal-space-viz-2.png>
Package pdftex.def Info: images/webview/internal-space-viz-2.png  used on input line 59.
(pdftex.def)             Requested size: 429.10175pt x 216.24681pt.
 [52 <./images/webview/per-instance-lime-explanation.png>] [53 <./images/webview/internal-space-viz-1.png> <./images/webview/internal-space-viz-2.png>]
Appendix B.

Package hyperref Warning: Token not allowed in a PDF string (Unicode):
(hyperref)                removing `\hbox' on input line 64.


Package hyperref Warning: Token not allowed in a PDF string (Unicode):
(hyperref)                removing `\@tempdima' on input line 64.


Package hyperref Warning: Token not allowed in a PDF string (Unicode):
(hyperref)                removing `\hss' on input line 64.

) [54

]
CITED LITERATURE.

Package hyperref Warning: Token not allowed in a PDF string (Unicode):
(hyperref)                removing `\hbox' on input line 94.


Package hyperref Warning: Token not allowed in a PDF string (Unicode):
(hyperref)                removing `\@tempdima' on input line 94.


Package hyperref Warning: Token not allowed in a PDF string (Unicode):
(hyperref)                removing `\hss' on input line 94.

(./thesisphd.bbl
Underfull \hbox (badness 10000) in paragraph at lines 40--43
[][][][][][][][][][][][][][][][][][][][]\T1/cmr/m/n/12 ,
 []

) [55

] (./thesisphd.aux)
 ***********
LaTeX2e <2025-11-01>
L3 programming layer <2025-11-06>
 ***********


LaTeX Warning: There were undefined references.


LaTeX Warning: There were multiply-defined labels.

Package rerunfilecheck Info: File `thesisphd.out' has not changed.
(rerunfilecheck)             Checksum: C4EF00F4C67D582C6F92A6EC7D0AF019;12440.
 ) 
Here is how much of TeX's memory you used:
 18797 strings out of 467538
 296167 string characters out of 5419552
 1338053 words of memory out of 8000000
 47132 multiletter control sequences out of 15000+600000
 647563 words of font info for 97 fonts, out of 8000000 for 9000
 1141 hyphenation exceptions out of 8191
 78i,14n,87p,1089b,2172s stack positions out of 10000i,1000n,20000p,200000b,200000s
</usr/local/texlive/2025/texmf-dist/fonts/type1/public/amsfonts/cm/cmbx10.pfb></usr/local/texlive/2025/texmf-dist/fonts/type1/public/amsfonts/cm/cmex10.pfb></usr/local/texlive/2025/texmf-dist/fonts/type1/public/amsfonts/cm/cmmi10.pfb></usr/local/texlive/2025/texmf-dist/fonts/type1/public/amsfonts/cm/cmmi8.pfb></usr/local/texlive/2025/texmf-dist/fonts/type1/public/amsfonts/cm/cmr10.pfb></usr/local/texlive/2025/texmf-dist/fonts/type1/public/amsfonts/cm/cmr8.pfb></usr/local/texlive/2025/texmf-dist/fonts/type1/public/amsfonts/cm/cmsy10.pfb></usr/local/texlive/2025/texmf-dist/fonts/type1/public/amsfonts/cm/cmsy6.pfb></usr/local/texlive/2025/texmf-dist/fonts/type1/public/amsfonts/cm/cmsy8.pfb></usr/local/texlive/2025/texmf-dist/fonts/type1/public/amsfonts/symbols/msbm10.pfb></usr/local/texlive/2025/texmf-dist/fonts/type1/public/cm-super/sfbx1000.pfb></usr/local/texlive/2025/texmf-dist/fonts/type1/public/cm-super/sfbx1095.pfb></usr/local/texlive/2025/texmf-dist/fonts/type1/public/cm-super/s
fbx1200.pfb></usr/local/texlive/2025/texmf-dist/fonts/type1/public/cm-super/sfrm0600.pfb></usr/local/texlive/2025/texmf-dist/fonts/type1/public/cm-super/sfrm0800.pfb></usr/local/texlive/2025/texmf-dist/fonts/type1/public/cm-super/sfrm0900.pfb></usr/local/texlive/2025/texmf-dist/fonts/type1/public/cm-super/sfrm1000.pfb></usr/local/texlive/2025/texmf-dist/fonts/type1/public/cm-super/sfrm1095.pfb></usr/local/texlive/2025/texmf-dist/fonts/type1/public/cm-super/sfrm1200.pfb></usr/local/texlive/2025/texmf-dist/fonts/type1/public/cm-super/sfti1095.pfb></usr/local/texlive/2025/texmf-dist/fonts/type1/public/cm-super/sftt0900.pfb></usr/local/texlive/2025/texmf-dist/fonts/type1/public/cm-super/sftt1095.pfb>
Output written on thesisphd.pdf (64 pages, 36192167 bytes).
PDF statistics:
 962 PDF objects out of 1000 (max. 8388607)
 805 compressed objects within 9 object streams
 215 named destinations out of 1000 (max. 500000)
 648 words of extra memory for PDF output out of 10000 (max. 10000000)

